<?xml version="1.0" encoding="UTF-8"?>
<!-- Generated by org.testng.reporters.JUnitXMLReporter -->
<testsuite ignored="0" hostname="LAPTOP-5S2C237C" failures="2" tests="3" name="Pixel_8_copy" time="67.04" errors="0" timestamp="2024-07-20T00:20:11 IST">
  <testcase classname="com.saucelabs.tests.LoginTests" name="invalidPassword" time="19.011">
    <failure type="java.lang.AssertionError" message="The following asserts failed:
	expected [Username and password do not match any user in this servic] but found [Username and password do not match any user in this service.]">
      <![CDATA[java.lang.AssertionError: The following asserts failed:
expected [Username and password do not match any user in this servic] but found [Username and password do not match any user in this service.]
at com.saucelabs.pages.BasePage.assertFunction(BasePage.java:65)
at com.saucelabs.pages.LoginPage.assertLoginNotification(LoginPage.java:54)
at com.saucelabs.tests.LoginTests.invalidPassword(LoginTests.java:34)
at java.base/java.util.ArrayList.forEach(ArrayList.java:1511)
at java.base/java.util.concurrent.FutureTask.run(FutureTask.java:264)
at java.base/java.util.concurrent.ThreadPoolExecutor.runWorker(ThreadPoolExecutor.java:1136)
at java.base/java.util.concurrent.ThreadPoolExecutor$Worker.run(ThreadPoolExecutor.java:635)
at java.base/java.lang.Thread.run(Thread.java:840)
... Removed 20 stack frames]]>
    </failure>
  </testcase> <!-- invalidPassword -->
  <testcase classname="com.saucelabs.tests.LoginTests" name="invalidUsername" time="12.712">
    <failure type="java.lang.AssertionError" message="The following asserts failed:
	expected [Username and password do not match any user in this servic] but found [Username and password do not match any user in this service.]">
      <![CDATA[java.lang.AssertionError: The following asserts failed:
expected [Username and password do not match any user in this servic] but found [Username and password do not match any user in this service.]
at com.saucelabs.pages.BasePage.assertFunction(BasePage.java:65)
at com.saucelabs.pages.LoginPage.assertLoginNotification(LoginPage.java:54)
at com.saucelabs.tests.LoginTests.invalidUsername(LoginTests.java:24)
at java.base/java.util.ArrayList.forEach(ArrayList.java:1511)
at java.base/java.util.concurrent.FutureTask.run(FutureTask.java:264)
at java.base/java.util.concurrent.ThreadPoolExecutor.runWorker(ThreadPoolExecutor.java:1136)
at java.base/java.util.concurrent.ThreadPoolExecutor$Worker.run(ThreadPoolExecutor.java:635)
at java.base/java.lang.Thread.run(Thread.java:840)
... Removed 20 stack frames]]>
    </failure>
  </testcase> <!-- invalidUsername -->
  <testcase classname="com.saucelabs.tests.LoginTests" name="validCredentials" time="14.333"/>
</testsuite> <!-- Pixel_8_copy -->
